2025-01-17 11:01:32 [main] INFO  c.d.services.PlayerProfileService - Handling leaderboard update event
2025-01-17 11:01:32 [main] INFO  c.d.services.PlayerProfileService - Deleting profile for player with id: 54d95e72-03a6-4994-828d-10ec4a2a84a2
2025-01-17 11:01:32 [main] INFO  c.d.services.PlayerProfileService - Creating profile for player with id: 4df66137-dec4-44a7-a3fb-3d970d78c177
2025-01-17 11:01:32 [main] INFO  c.d.services.PlayerProfileService - Profile created successfully for player with id: 4df66137-dec4-44a7-a3fb-3d970d78c177
2025-01-17 11:01:32 [main] INFO  c.d.services.PlayerProfileService - Getting profile for player
2025-01-17 11:01:32 [main] INFO  c.d.services.PlayerProfileService - Handling game completion event
2025-01-17 11:01:32 [main] INFO  c.d.services.PlayerProfileService - Creating profile for player with id: 4779c76b-8762-4574-a053-0032bc2cbb9e
2025-01-17 11:01:32 [main] INFO  c.d.services.PlayerProfileService - Profile created successfully for player with id: 4779c76b-8762-4574-a053-0032bc2cbb9e
2025-01-17 11:01:32 [main] INFO  c.d.services.PlayerProfileService - Updating preferences for player
2025-01-17 11:02:37 [main] INFO  c.d.services.PlayerProfileService - Handling leaderboard update event
2025-01-17 11:02:37 [main] INFO  c.d.services.PlayerProfileService - Deleting profile for player with id: 90644adb-0b83-4dd3-a188-a8ff9fbd5f48
2025-01-17 11:02:37 [main] INFO  c.d.services.PlayerProfileService - Creating profile for player with id: b7737232-1276-4603-bf42-8b210964331c
2025-01-17 11:02:37 [main] INFO  c.d.services.PlayerProfileService - Profile created successfully for player with id: b7737232-1276-4603-bf42-8b210964331c
2025-01-17 11:02:37 [main] INFO  c.d.services.PlayerProfileService - Getting profile for player
2025-01-17 11:02:37 [main] INFO  c.d.services.PlayerProfileService - Handling game completion event
2025-01-17 11:02:37 [main] INFO  c.d.services.PlayerProfileService - Creating profile for player with id: 79dd89c7-7e17-4360-85be-05199dcaf1af
2025-01-17 11:02:37 [main] INFO  c.d.services.PlayerProfileService - Profile created successfully for player with id: 79dd89c7-7e17-4360-85be-05199dcaf1af
2025-01-17 11:02:37 [main] INFO  c.d.services.PlayerProfileService - Updating preferences for player
2025-01-17 11:02:41 [restartedMain] INFO  c.dzieger.PlayerServiceApplication - Starting PlayerServiceApplication using Java 17.0.12 with PID 47840 (D:\CATAN-JAVA\PlayerService\PlayerService\target\classes started by david in D:\CATAN-JAVA\PlayerService\PlayerService)
2025-01-17 11:02:41 [restartedMain] DEBUG c.dzieger.PlayerServiceApplication - Running with Spring Boot v3.4.1, Spring v6.2.1
2025-01-17 11:02:41 [restartedMain] INFO  c.dzieger.PlayerServiceApplication - The following 1 profile is active: "dev"
2025-01-17 11:02:43 [restartedMain] INFO  o.a.coyote.http11.Http11NioProtocol - Initializing ProtocolHandler ["http-nio-8081"]
2025-01-17 11:02:43 [restartedMain] INFO  o.a.catalina.core.StandardService - Starting service [Tomcat]
2025-01-17 11:02:43 [restartedMain] INFO  o.a.catalina.core.StandardEngine - Starting Servlet engine: [Apache Tomcat/10.1.34]
2025-01-17 11:02:43 [restartedMain] INFO  o.a.c.c.C.[Tomcat].[localhost].[/] - Initializing Spring embedded WebApplicationContext
2025-01-17 11:02:43 [restartedMain] INFO  com.dzieger.config.ParamStoreConfig - Initializing SsmClient
2025-01-17 11:02:45 [restartedMain] INFO  com.dzieger.config.Parameters - Initializing Parameters
2025-01-17 11:02:45 [restartedMain] INFO  com.dzieger.SecurityConfig.JwtUtil - Initializing JwtUtil
2025-01-17 11:02:45 [restartedMain] DEBUG c.d.S.JwtAuthenticationFilter - Filter 'jwtAuthenticationFilter' configured for use
2025-01-17 11:02:45 [restartedMain] INFO  com.dzieger.config.DatabaseConfig - Initializing DatabaseConfig
2025-01-17 11:02:48 [restartedMain] WARN  o.s.b.a.o.j.JpaBaseConfiguration$JpaWebConfiguration - spring.jpa.open-in-view is enabled by default. Therefore, database queries may be performed during view rendering. Explicitly configure spring.jpa.open-in-view to disable this warning
2025-01-17 11:02:48 [restartedMain] INFO  c.d.SecurityConfig.SecurityConfig - Configuring Security Filter Chain
2025-01-17 11:02:49 [restartedMain] INFO  o.a.coyote.http11.Http11NioProtocol - Starting ProtocolHandler ["http-nio-8081"]
2025-01-17 11:02:49 [restartedMain] INFO  o.a.k.c.consumer.ConsumerConfig - ConsumerConfig values: 
	allow.auto.create.topics = true
	auto.commit.interval.ms = 5000
	auto.include.jmx.reporter = true
	auto.offset.reset = latest
	bootstrap.servers = [localhost:9092]
	check.crcs = true
	client.dns.lookup = use_all_dns_ips
	client.id = consumer-player-service-1
	client.rack = 
	connections.max.idle.ms = 540000
	default.api.timeout.ms = 60000
	enable.auto.commit = false
	enable.metrics.push = true
	exclude.internal.topics = true
	fetch.max.bytes = 52428800
	fetch.max.wait.ms = 500
	fetch.min.bytes = 1
	group.id = player-service
	group.instance.id = null
	group.protocol = classic
	group.remote.assignor = null
	heartbeat.interval.ms = 3000
	interceptor.classes = []
	internal.leave.group.on.close = true
	internal.throw.on.fetch.stable.offset.unsupported = false
	isolation.level = read_uncommitted
	key.deserializer = class org.apache.kafka.common.serialization.StringDeserializer
	max.partition.fetch.bytes = 1048576
	max.poll.interval.ms = 300000
	max.poll.records = 500
	metadata.max.age.ms = 300000
	metadata.recovery.strategy = none
	metric.reporters = []
	metrics.num.samples = 2
	metrics.recording.level = INFO
	metrics.sample.window.ms = 30000
	partition.assignment.strategy = [class org.apache.kafka.clients.consumer.RangeAssignor, class org.apache.kafka.clients.consumer.CooperativeStickyAssignor]
	receive.buffer.bytes = 65536
	reconnect.backoff.max.ms = 1000
	reconnect.backoff.ms = 50
	request.timeout.ms = 30000
	retry.backoff.max.ms = 1000
	retry.backoff.ms = 100
	sasl.client.callback.handler.class = null
	sasl.jaas.config = null
	sasl.kerberos.kinit.cmd = /usr/bin/kinit
	sasl.kerberos.min.time.before.relogin = 60000
	sasl.kerberos.service.name = null
	sasl.kerberos.ticket.renew.jitter = 0.05
	sasl.kerberos.ticket.renew.window.factor = 0.8
	sasl.login.callback.handler.class = null
	sasl.login.class = null
	sasl.login.connect.timeout.ms = null
	sasl.login.read.timeout.ms = null
	sasl.login.refresh.buffer.seconds = 300
	sasl.login.refresh.min.period.seconds = 60
	sasl.login.refresh.window.factor = 0.8
	sasl.login.refresh.window.jitter = 0.05
	sasl.login.retry.backoff.max.ms = 10000
	sasl.login.retry.backoff.ms = 100
	sasl.mechanism = GSSAPI
	sasl.oauthbearer.clock.skew.seconds = 30
	sasl.oauthbearer.expected.audience = null
	sasl.oauthbearer.expected.issuer = null
	sasl.oauthbearer.jwks.endpoint.refresh.ms = 3600000
	sasl.oauthbearer.jwks.endpoint.retry.backoff.max.ms = 10000
	sasl.oauthbearer.jwks.endpoint.retry.backoff.ms = 100
	sasl.oauthbearer.jwks.endpoint.url = null
	sasl.oauthbearer.scope.claim.name = scope
	sasl.oauthbearer.sub.claim.name = sub
	sasl.oauthbearer.token.endpoint.url = null
	security.protocol = PLAINTEXT
	security.providers = null
	send.buffer.bytes = 131072
	session.timeout.ms = 45000
	socket.connection.setup.timeout.max.ms = 30000
	socket.connection.setup.timeout.ms = 10000
	ssl.cipher.suites = null
	ssl.enabled.protocols = [TLSv1.2, TLSv1.3]
	ssl.endpoint.identification.algorithm = https
	ssl.engine.factory.class = null
	ssl.key.password = null
	ssl.keymanager.algorithm = SunX509
	ssl.keystore.certificate.chain = null
	ssl.keystore.key = null
	ssl.keystore.location = null
	ssl.keystore.password = null
	ssl.keystore.type = JKS
	ssl.protocol = TLSv1.3
	ssl.provider = null
	ssl.secure.random.implementation = null
	ssl.trustmanager.algorithm = PKIX
	ssl.truststore.certificates = null
	ssl.truststore.location = null
	ssl.truststore.password = null
	ssl.truststore.type = JKS
	value.deserializer = class org.apache.kafka.common.serialization.StringDeserializer

2025-01-17 11:02:49 [restartedMain] INFO  o.a.k.c.t.i.KafkaMetricsCollector - initializing Kafka metrics collector
2025-01-17 11:02:49 [restartedMain] INFO  o.a.kafka.common.utils.AppInfoParser - Kafka version: 3.8.1
2025-01-17 11:02:49 [restartedMain] INFO  o.a.kafka.common.utils.AppInfoParser - Kafka commitId: 70d6ff42debf7e17
2025-01-17 11:02:49 [restartedMain] INFO  o.a.kafka.common.utils.AppInfoParser - Kafka startTimeMs: 1737129769616
2025-01-17 11:02:49 [restartedMain] INFO  o.a.k.c.c.i.LegacyKafkaConsumer - [Consumer clientId=consumer-player-service-1, groupId=player-service] Subscribed to topic(s): game-completed
2025-01-17 11:02:49 [restartedMain] INFO  o.a.k.c.consumer.ConsumerConfig - ConsumerConfig values: 
	allow.auto.create.topics = true
	auto.commit.interval.ms = 5000
	auto.include.jmx.reporter = true
	auto.offset.reset = latest
	bootstrap.servers = [localhost:9092]
	check.crcs = true
	client.dns.lookup = use_all_dns_ips
	client.id = consumer-player-service-2
	client.rack = 
	connections.max.idle.ms = 540000
	default.api.timeout.ms = 60000
	enable.auto.commit = false
	enable.metrics.push = true
	exclude.internal.topics = true
	fetch.max.bytes = 52428800
	fetch.max.wait.ms = 500
	fetch.min.bytes = 1
	group.id = player-service
	group.instance.id = null
	group.protocol = classic
	group.remote.assignor = null
	heartbeat.interval.ms = 3000
	interceptor.classes = []
	internal.leave.group.on.close = true
	internal.throw.on.fetch.stable.offset.unsupported = false
	isolation.level = read_uncommitted
	key.deserializer = class org.apache.kafka.common.serialization.StringDeserializer
	max.partition.fetch.bytes = 1048576
	max.poll.interval.ms = 300000
	max.poll.records = 500
	metadata.max.age.ms = 300000
	metadata.recovery.strategy = none
	metric.reporters = []
	metrics.num.samples = 2
	metrics.recording.level = INFO
	metrics.sample.window.ms = 30000
	partition.assignment.strategy = [class org.apache.kafka.clients.consumer.RangeAssignor, class org.apache.kafka.clients.consumer.CooperativeStickyAssignor]
	receive.buffer.bytes = 65536
	reconnect.backoff.max.ms = 1000
	reconnect.backoff.ms = 50
	request.timeout.ms = 30000
	retry.backoff.max.ms = 1000
	retry.backoff.ms = 100
	sasl.client.callback.handler.class = null
	sasl.jaas.config = null
	sasl.kerberos.kinit.cmd = /usr/bin/kinit
	sasl.kerberos.min.time.before.relogin = 60000
	sasl.kerberos.service.name = null
	sasl.kerberos.ticket.renew.jitter = 0.05
	sasl.kerberos.ticket.renew.window.factor = 0.8
	sasl.login.callback.handler.class = null
	sasl.login.class = null
	sasl.login.connect.timeout.ms = null
	sasl.login.read.timeout.ms = null
	sasl.login.refresh.buffer.seconds = 300
	sasl.login.refresh.min.period.seconds = 60
	sasl.login.refresh.window.factor = 0.8
	sasl.login.refresh.window.jitter = 0.05
	sasl.login.retry.backoff.max.ms = 10000
	sasl.login.retry.backoff.ms = 100
	sasl.mechanism = GSSAPI
	sasl.oauthbearer.clock.skew.seconds = 30
	sasl.oauthbearer.expected.audience = null
	sasl.oauthbearer.expected.issuer = null
	sasl.oauthbearer.jwks.endpoint.refresh.ms = 3600000
	sasl.oauthbearer.jwks.endpoint.retry.backoff.max.ms = 10000
	sasl.oauthbearer.jwks.endpoint.retry.backoff.ms = 100
	sasl.oauthbearer.jwks.endpoint.url = null
	sasl.oauthbearer.scope.claim.name = scope
	sasl.oauthbearer.sub.claim.name = sub
	sasl.oauthbearer.token.endpoint.url = null
	security.protocol = PLAINTEXT
	security.providers = null
	send.buffer.bytes = 131072
	session.timeout.ms = 45000
	socket.connection.setup.timeout.max.ms = 30000
	socket.connection.setup.timeout.ms = 10000
	ssl.cipher.suites = null
	ssl.enabled.protocols = [TLSv1.2, TLSv1.3]
	ssl.endpoint.identification.algorithm = https
	ssl.engine.factory.class = null
	ssl.key.password = null
	ssl.keymanager.algorithm = SunX509
	ssl.keystore.certificate.chain = null
	ssl.keystore.key = null
	ssl.keystore.location = null
	ssl.keystore.password = null
	ssl.keystore.type = JKS
	ssl.protocol = TLSv1.3
	ssl.provider = null
	ssl.secure.random.implementation = null
	ssl.trustmanager.algorithm = PKIX
	ssl.truststore.certificates = null
	ssl.truststore.location = null
	ssl.truststore.password = null
	ssl.truststore.type = JKS
	value.deserializer = class org.apache.kafka.common.serialization.StringDeserializer

2025-01-17 11:02:49 [restartedMain] INFO  o.a.k.c.t.i.KafkaMetricsCollector - initializing Kafka metrics collector
2025-01-17 11:02:49 [restartedMain] INFO  o.a.kafka.common.utils.AppInfoParser - Kafka version: 3.8.1
2025-01-17 11:02:49 [restartedMain] INFO  o.a.kafka.common.utils.AppInfoParser - Kafka commitId: 70d6ff42debf7e17
2025-01-17 11:02:49 [restartedMain] INFO  o.a.kafka.common.utils.AppInfoParser - Kafka startTimeMs: 1737129769643
2025-01-17 11:02:49 [restartedMain] INFO  o.a.k.c.c.i.LegacyKafkaConsumer - [Consumer clientId=consumer-player-service-2, groupId=player-service] Subscribed to topic(s): leaderbaord-updated
2025-01-17 11:02:49 [restartedMain] INFO  c.dzieger.PlayerServiceApplication - Started PlayerServiceApplication in 8.434 seconds (process running for 9.054)
2025-01-17 11:02:49 [org.springframework.kafka.KafkaListenerEndpointContainer#0-0-C-1] INFO  o.apache.kafka.clients.NetworkClient - [Consumer clientId=consumer-player-service-1, groupId=player-service] Node -1 disconnected.
2025-01-17 11:02:49 [org.springframework.kafka.KafkaListenerEndpointContainer#1-0-C-1] INFO  o.apache.kafka.clients.NetworkClient - [Consumer clientId=consumer-player-service-2, groupId=player-service] Node -1 disconnected.
2025-01-17 11:02:49 [org.springframework.kafka.KafkaListenerEndpointContainer#0-0-C-1] WARN  o.apache.kafka.clients.NetworkClient - [Consumer clientId=consumer-player-service-1, groupId=player-service] Connection to node -1 (localhost/127.0.0.1:9092) could not be established. Node may not be available.
2025-01-17 11:02:49 [org.springframework.kafka.KafkaListenerEndpointContainer#1-0-C-1] WARN  o.apache.kafka.clients.NetworkClient - [Consumer clientId=consumer-player-service-2, groupId=player-service] Connection to node -1 (localhost/127.0.0.1:9092) could not be established. Node may not be available.
2025-01-17 11:02:49 [org.springframework.kafka.KafkaListenerEndpointContainer#0-0-C-1] WARN  o.apache.kafka.clients.NetworkClient - [Consumer clientId=consumer-player-service-1, groupId=player-service] Bootstrap broker localhost:9092 (id: -1 rack: null) disconnected
2025-01-17 11:02:49 [org.springframework.kafka.KafkaListenerEndpointContainer#1-0-C-1] WARN  o.apache.kafka.clients.NetworkClient - [Consumer clientId=consumer-player-service-2, groupId=player-service] Bootstrap broker localhost:9092 (id: -1 rack: null) disconnected
2025-01-17 11:02:49 [org.springframework.kafka.KafkaListenerEndpointContainer#1-0-C-1] INFO  o.apache.kafka.clients.NetworkClient - [Consumer clientId=consumer-player-service-2, groupId=player-service] Node -1 disconnected.
2025-01-17 11:02:49 [org.springframework.kafka.KafkaListenerEndpointContainer#1-0-C-1] WARN  o.apache.kafka.clients.NetworkClient - [Consumer clientId=consumer-player-service-2, groupId=player-service] Connection to node -1 (localhost/127.0.0.1:9092) could not be established. Node may not be available.
2025-01-17 11:02:49 [org.springframework.kafka.KafkaListenerEndpointContainer#1-0-C-1] WARN  o.apache.kafka.clients.NetworkClient - [Consumer clientId=consumer-player-service-2, groupId=player-service] Bootstrap broker localhost:9092 (id: -1 rack: null) disconnected
2025-01-17 11:02:49 [org.springframework.kafka.KafkaListenerEndpointContainer#0-0-C-1] INFO  o.apache.kafka.clients.NetworkClient - [Consumer clientId=consumer-player-service-1, groupId=player-service] Node -1 disconnected.
2025-01-17 11:02:49 [org.springframework.kafka.KafkaListenerEndpointContainer#0-0-C-1] WARN  o.apache.kafka.clients.NetworkClient - [Consumer clientId=consumer-player-service-1, groupId=player-service] Connection to node -1 (localhost/127.0.0.1:9092) could not be established. Node may not be available.
2025-01-17 11:02:49 [org.springframework.kafka.KafkaListenerEndpointContainer#0-0-C-1] WARN  o.apache.kafka.clients.NetworkClient - [Consumer clientId=consumer-player-service-1, groupId=player-service] Bootstrap broker localhost:9092 (id: -1 rack: null) disconnected
2025-01-17 11:02:50 [org.springframework.kafka.KafkaListenerEndpointContainer#0-0-C-1] INFO  o.apache.kafka.clients.NetworkClient - [Consumer clientId=consumer-player-service-1, groupId=player-service] Node -1 disconnected.
2025-01-17 11:02:50 [org.springframework.kafka.KafkaListenerEndpointContainer#0-0-C-1] WARN  o.apache.kafka.clients.NetworkClient - [Consumer clientId=consumer-player-service-1, groupId=player-service] Connection to node -1 (localhost/127.0.0.1:9092) could not be established. Node may not be available.
2025-01-17 11:02:50 [org.springframework.kafka.KafkaListenerEndpointContainer#0-0-C-1] WARN  o.apache.kafka.clients.NetworkClient - [Consumer clientId=consumer-player-service-1, groupId=player-service] Bootstrap broker localhost:9092 (id: -1 rack: null) disconnected
2025-01-17 11:02:50 [org.springframework.kafka.KafkaListenerEndpointContainer#1-0-C-1] INFO  o.apache.kafka.clients.NetworkClient - [Consumer clientId=consumer-player-service-2, groupId=player-service] Node -1 disconnected.
2025-01-17 11:02:50 [org.springframework.kafka.KafkaListenerEndpointContainer#1-0-C-1] WARN  o.apache.kafka.clients.NetworkClient - [Consumer clientId=consumer-player-service-2, groupId=player-service] Connection to node -1 (localhost/127.0.0.1:9092) could not be established. Node may not be available.
2025-01-17 11:02:50 [org.springframework.kafka.KafkaListenerEndpointContainer#1-0-C-1] WARN  o.apache.kafka.clients.NetworkClient - [Consumer clientId=consumer-player-service-2, groupId=player-service] Bootstrap broker localhost:9092 (id: -1 rack: null) disconnected
2025-01-17 11:02:50 [org.springframework.kafka.KafkaListenerEndpointContainer#0-0-C-1] INFO  o.apache.kafka.clients.NetworkClient - [Consumer clientId=consumer-player-service-1, groupId=player-service] Node -1 disconnected.
2025-01-17 11:02:50 [org.springframework.kafka.KafkaListenerEndpointContainer#0-0-C-1] WARN  o.apache.kafka.clients.NetworkClient - [Consumer clientId=consumer-player-service-1, groupId=player-service] Connection to node -1 (localhost/127.0.0.1:9092) could not be established. Node may not be available.
2025-01-17 11:02:50 [org.springframework.kafka.KafkaListenerEndpointContainer#0-0-C-1] WARN  o.apache.kafka.clients.NetworkClient - [Consumer clientId=consumer-player-service-1, groupId=player-service] Bootstrap broker localhost:9092 (id: -1 rack: null) disconnected
2025-01-17 11:02:50 [org.springframework.kafka.KafkaListenerEndpointContainer#1-0-C-1] INFO  o.apache.kafka.clients.NetworkClient - [Consumer clientId=consumer-player-service-2, groupId=player-service] Node -1 disconnected.
2025-01-17 11:02:50 [org.springframework.kafka.KafkaListenerEndpointContainer#1-0-C-1] WARN  o.apache.kafka.clients.NetworkClient - [Consumer clientId=consumer-player-service-2, groupId=player-service] Connection to node -1 (localhost/127.0.0.1:9092) could not be established. Node may not be available.
2025-01-17 11:02:50 [org.springframework.kafka.KafkaListenerEndpointContainer#1-0-C-1] WARN  o.apache.kafka.clients.NetworkClient - [Consumer clientId=consumer-player-service-2, groupId=player-service] Bootstrap broker localhost:9092 (id: -1 rack: null) disconnected
2025-01-17 11:02:50 [org.springframework.kafka.KafkaListenerEndpointContainer#0-0-C-1] INFO  o.apache.kafka.clients.NetworkClient - [Consumer clientId=consumer-player-service-1, groupId=player-service] Node -1 disconnected.
2025-01-17 11:02:50 [org.springframework.kafka.KafkaListenerEndpointContainer#0-0-C-1] WARN  o.apache.kafka.clients.NetworkClient - [Consumer clientId=consumer-player-service-1, groupId=player-service] Connection to node -1 (localhost/127.0.0.1:9092) could not be established. Node may not be available.
2025-01-17 11:02:50 [org.springframework.kafka.KafkaListenerEndpointContainer#0-0-C-1] WARN  o.apache.kafka.clients.NetworkClient - [Consumer clientId=consumer-player-service-1, groupId=player-service] Bootstrap broker localhost:9092 (id: -1 rack: null) disconnected
2025-01-17 11:02:50 [org.springframework.kafka.KafkaListenerEndpointContainer#1-0-C-1] INFO  o.apache.kafka.clients.NetworkClient - [Consumer clientId=consumer-player-service-2, groupId=player-service] Node -1 disconnected.
2025-01-17 11:02:50 [org.springframework.kafka.KafkaListenerEndpointContainer#1-0-C-1] WARN  o.apache.kafka.clients.NetworkClient - [Consumer clientId=consumer-player-service-2, groupId=player-service] Connection to node -1 (localhost/127.0.0.1:9092) could not be established. Node may not be available.
2025-01-17 11:02:50 [org.springframework.kafka.KafkaListenerEndpointContainer#1-0-C-1] WARN  o.apache.kafka.clients.NetworkClient - [Consumer clientId=consumer-player-service-2, groupId=player-service] Bootstrap broker localhost:9092 (id: -1 rack: null) disconnected
2025-01-17 11:02:51 [org.springframework.kafka.KafkaListenerEndpointContainer#0-0-C-1] INFO  o.apache.kafka.clients.NetworkClient - [Consumer clientId=consumer-player-service-1, groupId=player-service] Node -1 disconnected.
2025-01-17 11:02:51 [org.springframework.kafka.KafkaListenerEndpointContainer#0-0-C-1] WARN  o.apache.kafka.clients.NetworkClient - [Consumer clientId=consumer-player-service-1, groupId=player-service] Connection to node -1 (localhost/127.0.0.1:9092) could not be established. Node may not be available.
2025-01-17 11:02:51 [org.springframework.kafka.KafkaListenerEndpointContainer#0-0-C-1] WARN  o.apache.kafka.clients.NetworkClient - [Consumer clientId=consumer-player-service-1, groupId=player-service] Bootstrap broker localhost:9092 (id: -1 rack: null) disconnected
2025-01-17 11:02:51 [org.springframework.kafka.KafkaListenerEndpointContainer#1-0-C-1] INFO  o.apache.kafka.clients.NetworkClient - [Consumer clientId=consumer-player-service-2, groupId=player-service] Node -1 disconnected.
2025-01-17 11:02:51 [org.springframework.kafka.KafkaListenerEndpointContainer#1-0-C-1] WARN  o.apache.kafka.clients.NetworkClient - [Consumer clientId=consumer-player-service-2, groupId=player-service] Connection to node -1 (localhost/127.0.0.1:9092) could not be established. Node may not be available.
2025-01-17 11:02:51 [org.springframework.kafka.KafkaListenerEndpointContainer#1-0-C-1] WARN  o.apache.kafka.clients.NetworkClient - [Consumer clientId=consumer-player-service-2, groupId=player-service] Bootstrap broker localhost:9092 (id: -1 rack: null) disconnected
2025-01-17 11:02:52 [org.springframework.kafka.KafkaListenerEndpointContainer#0-0-C-1] INFO  o.apache.kafka.clients.NetworkClient - [Consumer clientId=consumer-player-service-1, groupId=player-service] Node -1 disconnected.
2025-01-17 11:02:52 [org.springframework.kafka.KafkaListenerEndpointContainer#0-0-C-1] WARN  o.apache.kafka.clients.NetworkClient - [Consumer clientId=consumer-player-service-1, groupId=player-service] Connection to node -1 (localhost/127.0.0.1:9092) could not be established. Node may not be available.
2025-01-17 11:02:52 [org.springframework.kafka.KafkaListenerEndpointContainer#0-0-C-1] WARN  o.apache.kafka.clients.NetworkClient - [Consumer clientId=consumer-player-service-1, groupId=player-service] Bootstrap broker localhost:9092 (id: -1 rack: null) disconnected
2025-01-17 11:02:52 [org.springframework.kafka.KafkaListenerEndpointContainer#1-0-C-1] INFO  o.apache.kafka.clients.NetworkClient - [Consumer clientId=consumer-player-service-2, groupId=player-service] Node -1 disconnected.
2025-01-17 11:02:52 [org.springframework.kafka.KafkaListenerEndpointContainer#1-0-C-1] WARN  o.apache.kafka.clients.NetworkClient - [Consumer clientId=consumer-player-service-2, groupId=player-service] Connection to node -1 (localhost/127.0.0.1:9092) could not be established. Node may not be available.
2025-01-17 11:02:52 [org.springframework.kafka.KafkaListenerEndpointContainer#1-0-C-1] WARN  o.apache.kafka.clients.NetworkClient - [Consumer clientId=consumer-player-service-2, groupId=player-service] Bootstrap broker localhost:9092 (id: -1 rack: null) disconnected
2025-01-17 11:02:53 [org.springframework.kafka.KafkaListenerEndpointContainer#1-0-C-1] INFO  o.apache.kafka.clients.NetworkClient - [Consumer clientId=consumer-player-service-2, groupId=player-service] Node -1 disconnected.
2025-01-17 11:02:53 [org.springframework.kafka.KafkaListenerEndpointContainer#1-0-C-1] WARN  o.apache.kafka.clients.NetworkClient - [Consumer clientId=consumer-player-service-2, groupId=player-service] Connection to node -1 (localhost/127.0.0.1:9092) could not be established. Node may not be available.
2025-01-17 11:02:53 [org.springframework.kafka.KafkaListenerEndpointContainer#1-0-C-1] WARN  o.apache.kafka.clients.NetworkClient - [Consumer clientId=consumer-player-service-2, groupId=player-service] Bootstrap broker localhost:9092 (id: -1 rack: null) disconnected
2025-01-17 11:02:53 [org.springframework.kafka.KafkaListenerEndpointContainer#0-0-C-1] INFO  o.apache.kafka.clients.NetworkClient - [Consumer clientId=consumer-player-service-1, groupId=player-service] Node -1 disconnected.
2025-01-17 11:02:53 [org.springframework.kafka.KafkaListenerEndpointContainer#0-0-C-1] WARN  o.apache.kafka.clients.NetworkClient - [Consumer clientId=consumer-player-service-1, groupId=player-service] Connection to node -1 (localhost/127.0.0.1:9092) could not be established. Node may not be available.
2025-01-17 11:02:53 [org.springframework.kafka.KafkaListenerEndpointContainer#0-0-C-1] WARN  o.apache.kafka.clients.NetworkClient - [Consumer clientId=consumer-player-service-1, groupId=player-service] Bootstrap broker localhost:9092 (id: -1 rack: null) disconnected
2025-01-17 11:02:54 [org.springframework.kafka.KafkaListenerEndpointContainer#1-0-C-1] INFO  o.apache.kafka.clients.NetworkClient - [Consumer clientId=consumer-player-service-2, groupId=player-service] Node -1 disconnected.
2025-01-17 11:02:54 [org.springframework.kafka.KafkaListenerEndpointContainer#1-0-C-1] WARN  o.apache.kafka.clients.NetworkClient - [Consumer clientId=consumer-player-service-2, groupId=player-service] Connection to node -1 (localhost/127.0.0.1:9092) could not be established. Node may not be available.
2025-01-17 11:02:54 [org.springframework.kafka.KafkaListenerEndpointContainer#1-0-C-1] WARN  o.apache.kafka.clients.NetworkClient - [Consumer clientId=consumer-player-service-2, groupId=player-service] Bootstrap broker localhost:9092 (id: -1 rack: null) disconnected
2025-01-17 11:02:54 [org.springframework.kafka.KafkaListenerEndpointContainer#0-0-C-1] INFO  o.apache.kafka.clients.NetworkClient - [Consumer clientId=consumer-player-service-1, groupId=player-service] Node -1 disconnected.
2025-01-17 11:02:54 [org.springframework.kafka.KafkaListenerEndpointContainer#0-0-C-1] WARN  o.apache.kafka.clients.NetworkClient - [Consumer clientId=consumer-player-service-1, groupId=player-service] Connection to node -1 (localhost/127.0.0.1:9092) could not be established. Node may not be available.
2025-01-17 11:02:54 [org.springframework.kafka.KafkaListenerEndpointContainer#0-0-C-1] WARN  o.apache.kafka.clients.NetworkClient - [Consumer clientId=consumer-player-service-1, groupId=player-service] Bootstrap broker localhost:9092 (id: -1 rack: null) disconnected
2025-01-17 11:02:55 [org.springframework.kafka.KafkaListenerEndpointContainer#1-0-C-1] INFO  o.apache.kafka.clients.NetworkClient - [Consumer clientId=consumer-player-service-2, groupId=player-service] Node -1 disconnected.
2025-01-17 11:02:55 [org.springframework.kafka.KafkaListenerEndpointContainer#1-0-C-1] WARN  o.apache.kafka.clients.NetworkClient - [Consumer clientId=consumer-player-service-2, groupId=player-service] Connection to node -1 (localhost/127.0.0.1:9092) could not be established. Node may not be available.
2025-01-17 11:02:55 [org.springframework.kafka.KafkaListenerEndpointContainer#1-0-C-1] WARN  o.apache.kafka.clients.NetworkClient - [Consumer clientId=consumer-player-service-2, groupId=player-service] Bootstrap broker localhost:9092 (id: -1 rack: null) disconnected
2025-01-17 11:02:55 [org.springframework.kafka.KafkaListenerEndpointContainer#0-0-C-1] INFO  o.apache.kafka.clients.NetworkClient - [Consumer clientId=consumer-player-service-1, groupId=player-service] Node -1 disconnected.
2025-01-17 11:02:55 [org.springframework.kafka.KafkaListenerEndpointContainer#0-0-C-1] WARN  o.apache.kafka.clients.NetworkClient - [Consumer clientId=consumer-player-service-1, groupId=player-service] Connection to node -1 (localhost/127.0.0.1:9092) could not be established. Node may not be available.
2025-01-17 11:02:55 [org.springframework.kafka.KafkaListenerEndpointContainer#0-0-C-1] WARN  o.apache.kafka.clients.NetworkClient - [Consumer clientId=consumer-player-service-1, groupId=player-service] Bootstrap broker localhost:9092 (id: -1 rack: null) disconnected
2025-01-17 11:02:56 [org.springframework.kafka.KafkaListenerEndpointContainer#1-0-C-1] INFO  o.apache.kafka.clients.NetworkClient - [Consumer clientId=consumer-player-service-2, groupId=player-service] Node -1 disconnected.
2025-01-17 11:02:56 [org.springframework.kafka.KafkaListenerEndpointContainer#1-0-C-1] WARN  o.apache.kafka.clients.NetworkClient - [Consumer clientId=consumer-player-service-2, groupId=player-service] Connection to node -1 (localhost/127.0.0.1:9092) could not be established. Node may not be available.
2025-01-17 11:02:56 [org.springframework.kafka.KafkaListenerEndpointContainer#1-0-C-1] WARN  o.apache.kafka.clients.NetworkClient - [Consumer clientId=consumer-player-service-2, groupId=player-service] Bootstrap broker localhost:9092 (id: -1 rack: null) disconnected
2025-01-17 11:02:56 [org.springframework.kafka.KafkaListenerEndpointContainer#0-0-C-1] INFO  o.apache.kafka.clients.NetworkClient - [Consumer clientId=consumer-player-service-1, groupId=player-service] Node -1 disconnected.
2025-01-17 11:02:56 [org.springframework.kafka.KafkaListenerEndpointContainer#0-0-C-1] WARN  o.apache.kafka.clients.NetworkClient - [Consumer clientId=consumer-player-service-1, groupId=player-service] Connection to node -1 (localhost/127.0.0.1:9092) could not be established. Node may not be available.
2025-01-17 11:02:56 [org.springframework.kafka.KafkaListenerEndpointContainer#0-0-C-1] WARN  o.apache.kafka.clients.NetworkClient - [Consumer clientId=consumer-player-service-1, groupId=player-service] Bootstrap broker localhost:9092 (id: -1 rack: null) disconnected
2025-01-17 11:02:57 [org.springframework.kafka.KafkaListenerEndpointContainer#1-0-C-1] INFO  o.apache.kafka.clients.NetworkClient - [Consumer clientId=consumer-player-service-2, groupId=player-service] Node -1 disconnected.
2025-01-17 11:02:57 [org.springframework.kafka.KafkaListenerEndpointContainer#1-0-C-1] WARN  o.apache.kafka.clients.NetworkClient - [Consumer clientId=consumer-player-service-2, groupId=player-service] Connection to node -1 (localhost/127.0.0.1:9092) could not be established. Node may not be available.
2025-01-17 11:02:57 [org.springframework.kafka.KafkaListenerEndpointContainer#1-0-C-1] WARN  o.apache.kafka.clients.NetworkClient - [Consumer clientId=consumer-player-service-2, groupId=player-service] Bootstrap broker localhost:9092 (id: -1 rack: null) disconnected
2025-01-17 11:02:57 [org.springframework.kafka.KafkaListenerEndpointContainer#0-0-C-1] INFO  o.apache.kafka.clients.NetworkClient - [Consumer clientId=consumer-player-service-1, groupId=player-service] Node -1 disconnected.
2025-01-17 11:02:57 [org.springframework.kafka.KafkaListenerEndpointContainer#0-0-C-1] WARN  o.apache.kafka.clients.NetworkClient - [Consumer clientId=consumer-player-service-1, groupId=player-service] Connection to node -1 (localhost/127.0.0.1:9092) could not be established. Node may not be available.
2025-01-17 11:02:57 [org.springframework.kafka.KafkaListenerEndpointContainer#0-0-C-1] WARN  o.apache.kafka.clients.NetworkClient - [Consumer clientId=consumer-player-service-1, groupId=player-service] Bootstrap broker localhost:9092 (id: -1 rack: null) disconnected
2025-01-17 11:02:58 [org.springframework.kafka.KafkaListenerEndpointContainer#1-0-C-1] INFO  o.apache.kafka.clients.NetworkClient - [Consumer clientId=consumer-player-service-2, groupId=player-service] Node -1 disconnected.
2025-01-17 11:02:58 [org.springframework.kafka.KafkaListenerEndpointContainer#1-0-C-1] WARN  o.apache.kafka.clients.NetworkClient - [Consumer clientId=consumer-player-service-2, groupId=player-service] Connection to node -1 (localhost/127.0.0.1:9092) could not be established. Node may not be available.
2025-01-17 11:02:58 [org.springframework.kafka.KafkaListenerEndpointContainer#1-0-C-1] WARN  o.apache.kafka.clients.NetworkClient - [Consumer clientId=consumer-player-service-2, groupId=player-service] Bootstrap broker localhost:9092 (id: -1 rack: null) disconnected
2025-01-17 11:02:58 [org.springframework.kafka.KafkaListenerEndpointContainer#0-0-C-1] INFO  o.apache.kafka.clients.NetworkClient - [Consumer clientId=consumer-player-service-1, groupId=player-service] Node -1 disconnected.
2025-01-17 11:02:58 [org.springframework.kafka.KafkaListenerEndpointContainer#0-0-C-1] WARN  o.apache.kafka.clients.NetworkClient - [Consumer clientId=consumer-player-service-1, groupId=player-service] Connection to node -1 (localhost/127.0.0.1:9092) could not be established. Node may not be available.
2025-01-17 11:02:58 [org.springframework.kafka.KafkaListenerEndpointContainer#0-0-C-1] WARN  o.apache.kafka.clients.NetworkClient - [Consumer clientId=consumer-player-service-1, groupId=player-service] Bootstrap broker localhost:9092 (id: -1 rack: null) disconnected
2025-01-17 11:02:59 [org.springframework.kafka.KafkaListenerEndpointContainer#1-0-C-1] INFO  o.apache.kafka.clients.NetworkClient - [Consumer clientId=consumer-player-service-2, groupId=player-service] Node -1 disconnected.
2025-01-17 11:02:59 [org.springframework.kafka.KafkaListenerEndpointContainer#1-0-C-1] WARN  o.apache.kafka.clients.NetworkClient - [Consumer clientId=consumer-player-service-2, groupId=player-service] Connection to node -1 (localhost/127.0.0.1:9092) could not be established. Node may not be available.
2025-01-17 11:02:59 [org.springframework.kafka.KafkaListenerEndpointContainer#1-0-C-1] WARN  o.apache.kafka.clients.NetworkClient - [Consumer clientId=consumer-player-service-2, groupId=player-service] Bootstrap broker localhost:9092 (id: -1 rack: null) disconnected
2025-01-17 11:02:59 [org.springframework.kafka.KafkaListenerEndpointContainer#0-0-C-1] INFO  o.apache.kafka.clients.NetworkClient - [Consumer clientId=consumer-player-service-1, groupId=player-service] Node -1 disconnected.
2025-01-17 11:02:59 [org.springframework.kafka.KafkaListenerEndpointContainer#0-0-C-1] WARN  o.apache.kafka.clients.NetworkClient - [Consumer clientId=consumer-player-service-1, groupId=player-service] Connection to node -1 (localhost/127.0.0.1:9092) could not be established. Node may not be available.
2025-01-17 11:02:59 [org.springframework.kafka.KafkaListenerEndpointContainer#0-0-C-1] WARN  o.apache.kafka.clients.NetworkClient - [Consumer clientId=consumer-player-service-1, groupId=player-service] Bootstrap broker localhost:9092 (id: -1 rack: null) disconnected
2025-01-17 11:03:00 [org.springframework.kafka.KafkaListenerEndpointContainer#1-0-C-1] INFO  o.apache.kafka.clients.NetworkClient - [Consumer clientId=consumer-player-service-2, groupId=player-service] Node -1 disconnected.
2025-01-17 11:03:00 [org.springframework.kafka.KafkaListenerEndpointContainer#1-0-C-1] WARN  o.apache.kafka.clients.NetworkClient - [Consumer clientId=consumer-player-service-2, groupId=player-service] Connection to node -1 (localhost/127.0.0.1:9092) could not be established. Node may not be available.
2025-01-17 11:03:00 [org.springframework.kafka.KafkaListenerEndpointContainer#1-0-C-1] WARN  o.apache.kafka.clients.NetworkClient - [Consumer clientId=consumer-player-service-2, groupId=player-service] Bootstrap broker localhost:9092 (id: -1 rack: null) disconnected
2025-01-17 11:03:00 [org.springframework.kafka.KafkaListenerEndpointContainer#0-0-C-1] INFO  o.apache.kafka.clients.NetworkClient - [Consumer clientId=consumer-player-service-1, groupId=player-service] Node -1 disconnected.
2025-01-17 11:03:00 [org.springframework.kafka.KafkaListenerEndpointContainer#0-0-C-1] WARN  o.apache.kafka.clients.NetworkClient - [Consumer clientId=consumer-player-service-1, groupId=player-service] Connection to node -1 (localhost/127.0.0.1:9092) could not be established. Node may not be available.
2025-01-17 11:03:00 [org.springframework.kafka.KafkaListenerEndpointContainer#0-0-C-1] WARN  o.apache.kafka.clients.NetworkClient - [Consumer clientId=consumer-player-service-1, groupId=player-service] Bootstrap broker localhost:9092 (id: -1 rack: null) disconnected
2025-01-17 11:03:01 [org.springframework.kafka.KafkaListenerEndpointContainer#1-0-C-1] INFO  o.apache.kafka.clients.NetworkClient - [Consumer clientId=consumer-player-service-2, groupId=player-service] Node -1 disconnected.
2025-01-17 11:03:01 [org.springframework.kafka.KafkaListenerEndpointContainer#1-0-C-1] WARN  o.apache.kafka.clients.NetworkClient - [Consumer clientId=consumer-player-service-2, groupId=player-service] Connection to node -1 (localhost/127.0.0.1:9092) could not be established. Node may not be available.
2025-01-17 11:03:01 [org.springframework.kafka.KafkaListenerEndpointContainer#1-0-C-1] WARN  o.apache.kafka.clients.NetworkClient - [Consumer clientId=consumer-player-service-2, groupId=player-service] Bootstrap broker localhost:9092 (id: -1 rack: null) disconnected
2025-01-17 11:03:01 [org.springframework.kafka.KafkaListenerEndpointContainer#0-0-C-1] INFO  o.apache.kafka.clients.NetworkClient - [Consumer clientId=consumer-player-service-1, groupId=player-service] Node -1 disconnected.
2025-01-17 11:03:01 [org.springframework.kafka.KafkaListenerEndpointContainer#0-0-C-1] WARN  o.apache.kafka.clients.NetworkClient - [Consumer clientId=consumer-player-service-1, groupId=player-service] Connection to node -1 (localhost/127.0.0.1:9092) could not be established. Node may not be available.
2025-01-17 11:03:01 [org.springframework.kafka.KafkaListenerEndpointContainer#0-0-C-1] WARN  o.apache.kafka.clients.NetworkClient - [Consumer clientId=consumer-player-service-1, groupId=player-service] Bootstrap broker localhost:9092 (id: -1 rack: null) disconnected
2025-01-17 11:03:02 [org.springframework.kafka.KafkaListenerEndpointContainer#1-0-C-1] INFO  o.apache.kafka.clients.NetworkClient - [Consumer clientId=consumer-player-service-2, groupId=player-service] Node -1 disconnected.
2025-01-17 11:03:02 [org.springframework.kafka.KafkaListenerEndpointContainer#1-0-C-1] WARN  o.apache.kafka.clients.NetworkClient - [Consumer clientId=consumer-player-service-2, groupId=player-service] Connection to node -1 (localhost/127.0.0.1:9092) could not be established. Node may not be available.
2025-01-17 11:03:02 [org.springframework.kafka.KafkaListenerEndpointContainer#1-0-C-1] WARN  o.apache.kafka.clients.NetworkClient - [Consumer clientId=consumer-player-service-2, groupId=player-service] Bootstrap broker localhost:9092 (id: -1 rack: null) disconnected
2025-01-17 11:03:02 [org.springframework.kafka.KafkaListenerEndpointContainer#0-0-C-1] INFO  o.a.k.c.c.i.ConsumerCoordinator - [Consumer clientId=consumer-player-service-1, groupId=player-service] Resetting generation and member id due to: consumer pro-actively leaving the group
2025-01-17 11:03:02 [org.springframework.kafka.KafkaListenerEndpointContainer#1-0-C-1] INFO  o.a.k.c.c.i.ConsumerCoordinator - [Consumer clientId=consumer-player-service-2, groupId=player-service] Resetting generation and member id due to: consumer pro-actively leaving the group
2025-01-17 11:03:02 [org.springframework.kafka.KafkaListenerEndpointContainer#0-0-C-1] INFO  o.a.k.c.c.i.ConsumerCoordinator - [Consumer clientId=consumer-player-service-1, groupId=player-service] Request joining group due to: consumer pro-actively leaving the group
2025-01-17 11:03:02 [org.springframework.kafka.KafkaListenerEndpointContainer#1-0-C-1] INFO  o.a.k.c.c.i.ConsumerCoordinator - [Consumer clientId=consumer-player-service-2, groupId=player-service] Request joining group due to: consumer pro-actively leaving the group
2025-01-17 11:03:02 [org.springframework.kafka.KafkaListenerEndpointContainer#0-0-C-1] INFO  o.a.k.c.c.i.LegacyKafkaConsumer - [Consumer clientId=consumer-player-service-1, groupId=player-service] Unsubscribed all topics or patterns and assigned partitions
2025-01-17 11:03:02 [org.springframework.kafka.KafkaListenerEndpointContainer#1-0-C-1] INFO  o.a.k.c.c.i.LegacyKafkaConsumer - [Consumer clientId=consumer-player-service-2, groupId=player-service] Unsubscribed all topics or patterns and assigned partitions
2025-01-17 11:03:02 [org.springframework.kafka.KafkaListenerEndpointContainer#0-0-C-1] INFO  o.a.k.c.c.i.ConsumerCoordinator - [Consumer clientId=consumer-player-service-1, groupId=player-service] Resetting generation and member id due to: consumer pro-actively leaving the group
2025-01-17 11:03:02 [org.springframework.kafka.KafkaListenerEndpointContainer#1-0-C-1] INFO  o.a.k.c.c.i.ConsumerCoordinator - [Consumer clientId=consumer-player-service-2, groupId=player-service] Resetting generation and member id due to: consumer pro-actively leaving the group
2025-01-17 11:03:02 [org.springframework.kafka.KafkaListenerEndpointContainer#0-0-C-1] INFO  o.a.k.c.c.i.ConsumerCoordinator - [Consumer clientId=consumer-player-service-1, groupId=player-service] Request joining group due to: consumer pro-actively leaving the group
2025-01-17 11:03:02 [org.springframework.kafka.KafkaListenerEndpointContainer#1-0-C-1] INFO  o.a.k.c.c.i.ConsumerCoordinator - [Consumer clientId=consumer-player-service-2, groupId=player-service] Request joining group due to: consumer pro-actively leaving the group
2025-01-17 11:03:02 [org.springframework.kafka.KafkaListenerEndpointContainer#0-0-C-1] INFO  o.a.kafka.common.metrics.Metrics - Metrics scheduler closed
2025-01-17 11:03:02 [org.springframework.kafka.KafkaListenerEndpointContainer#1-0-C-1] INFO  o.a.kafka.common.metrics.Metrics - Metrics scheduler closed
2025-01-17 11:03:02 [org.springframework.kafka.KafkaListenerEndpointContainer#0-0-C-1] INFO  o.a.kafka.common.metrics.Metrics - Closing reporter org.apache.kafka.common.metrics.JmxReporter
2025-01-17 11:03:02 [org.springframework.kafka.KafkaListenerEndpointContainer#1-0-C-1] INFO  o.a.kafka.common.metrics.Metrics - Closing reporter org.apache.kafka.common.metrics.JmxReporter
2025-01-17 11:03:02 [org.springframework.kafka.KafkaListenerEndpointContainer#0-0-C-1] INFO  o.a.kafka.common.metrics.Metrics - Closing reporter org.apache.kafka.common.telemetry.internals.ClientTelemetryReporter
2025-01-17 11:03:02 [org.springframework.kafka.KafkaListenerEndpointContainer#1-0-C-1] INFO  o.a.kafka.common.metrics.Metrics - Closing reporter org.apache.kafka.common.telemetry.internals.ClientTelemetryReporter
2025-01-17 11:03:02 [org.springframework.kafka.KafkaListenerEndpointContainer#1-0-C-1] INFO  o.a.kafka.common.metrics.Metrics - Metrics reporters closed
2025-01-17 11:03:02 [org.springframework.kafka.KafkaListenerEndpointContainer#0-0-C-1] INFO  o.a.kafka.common.metrics.Metrics - Metrics reporters closed
2025-01-17 11:03:02 [org.springframework.kafka.KafkaListenerEndpointContainer#0-0-C-1] INFO  o.a.kafka.common.utils.AppInfoParser - App info kafka.consumer for consumer-player-service-1 unregistered
2025-01-17 11:03:02 [org.springframework.kafka.KafkaListenerEndpointContainer#1-0-C-1] INFO  o.a.kafka.common.utils.AppInfoParser - App info kafka.consumer for consumer-player-service-2 unregistered
2025-01-17 11:04:34 [main] INFO  c.d.services.PlayerProfileService - Creating profile for player with id: ccb381a3-1aa0-46a7-bc5a-5fd3b2b78da6
2025-01-17 11:04:34 [main] INFO  c.d.services.PlayerProfileService - Profile created successfully for player with id: ccb381a3-1aa0-46a7-bc5a-5fd3b2b78da6
